Using: /home/3177784/micromamba/envs/Rgeo_new/bin/Rscript
LD_LIBRARY_PATH=/home/3177784/micromamba/envs/Rgeo_new/lib:/home/3177784/micromamba/envs/Rgeo_new/lib64:
lrwxrwxrwx 1 3177784 grp_hpcclusterbocconiusers     15 Jan 28 19:26 /home/3177784/micromamba/envs/Rgeo_new/lib/libbz2.so -> libbz2.so.1.0.8
lrwxrwxrwx 1 3177784 grp_hpcclusterbocconiusers     15 Jan 28 19:26 /home/3177784/micromamba/envs/Rgeo_new/lib/libbz2.so.1.0 -> libbz2.so.1.0.8
-rwxrwxr-x 2 3177784 grp_hpcclusterbocconiusers 241888 Sep  9  2025 /home/3177784/micromamba/envs/Rgeo_new/lib/libbz2.so.1.0.8
Rscript (R) version 4.3.3 (2024-02-29)
   year geo_region w1        w2  status n_cells E_data n_obs        mae
1  2021       east  1 0.6250000 optimal     562     40  1484 0.04990693
2  2021       east  1 0.5555556 optimal     563     40  1484 0.04971599
3  2021       east  1 0.5882353 optimal     558     40  1484 0.04977731
4  2021       east  1 0.6666667 optimal     574     40  1484 0.05004750
5  2021       east  1 0.7142857 optimal     572     40  1484 0.05006594
6  2021       east  1 0.5263158 optimal     584     40  1484 0.04971452
7  2021       east  1 0.9090909 optimal     582     40  1484 0.04956682
8  2021       east  1 0.8333333 optimal     565     40  1484 0.05003422
9  2021       east  1 1.2000000 optimal     599     40  1484 0.04983052
10 2021       east  1 1.3000000 optimal     585     40  1484 0.04996856
11 2021       east  1 1.0000000 optimal     586     40  1484 0.04957191
12 2021       east  1 0.7692308 optimal     574     40  1484 0.05013389
13 2021       east  1 1.1000000 optimal     599     40  1484 0.05007106
14 2021       east  1 0.5000000 optimal     583     40  1484 0.04994421
15 2021       east  1 1.4000000 optimal     647     40  1484 0.05028870
16 2021       east  1 1.6000000 optimal     581     40  1484 0.05033850
17 2021       east  1 1.7000000 optimal     583     40  1484 0.05037123
18 2021       east  1 1.5000000 optimal     604     40  1484 0.05036630
19 2021       east  1 1.8000000 optimal     608     40  1484 0.05050049
20 2021       east  1 1.9000000 optimal     592     40  1484 0.05057745
21 2021       east  1 2.0000000 optimal     598     40  1484 0.05067494
         wmae mae_per_cell wmae_per_cell mae_plus_lambda_cells
1  0.04394622 8.880236e-05  7.819612e-05            0.04990693
2  0.04401597 8.830549e-05  7.818112e-05            0.04971599
3  0.04403731 8.920664e-05  7.891990e-05            0.04977731
4  0.04403834 8.719077e-05  7.672185e-05            0.05004750
5  0.04405897 8.752786e-05  7.702617e-05            0.05006594
6  0.04414652 8.512761e-05  7.559335e-05            0.04971452
7  0.04417443 8.516636e-05  7.590108e-05            0.04956682
8  0.04420021 8.855614e-05  7.823045e-05            0.05003422
9  0.04420447 8.318952e-05  7.379711e-05            0.04983052
10 0.04420896 8.541633e-05  7.557087e-05            0.04996856
11 0.04421446 8.459370e-05  7.545130e-05            0.04957191
12 0.04426646 8.734128e-05  7.711927e-05            0.05013389
13 0.04446578 8.359109e-05  7.423335e-05            0.05007106
14 0.04472654 8.566760e-05  7.671791e-05            0.04994421
15 0.04475022 7.772596e-05  6.916573e-05            0.05028870
16 0.04492468 8.664113e-05  7.732303e-05            0.05033850
17 0.04493236 8.640005e-05  7.707095e-05            0.05037123
18 0.04500205 8.338791e-05  7.450671e-05            0.05036630
19 0.04531030 8.306001e-05  7.452352e-05            0.05050049
20 0.04540356 8.543488e-05  7.669520e-05            0.05057745
21 0.04561826 8.474070e-05  7.628472e-05            0.05067494
   wmae_plus_lambda_cells error
1              0.04394622  <NA>
2              0.04401597  <NA>
3              0.04403731  <NA>
4              0.04403834  <NA>
5              0.04405897  <NA>
6              0.04414652  <NA>
7              0.04417443  <NA>
8              0.04420021  <NA>
9              0.04420447  <NA>
10             0.04420896  <NA>
11             0.04421446  <NA>
12             0.04426646  <NA>
13             0.04446578  <NA>
14             0.04472654  <NA>
15             0.04475022  <NA>
16             0.04492468  <NA>
17             0.04493236  <NA>
18             0.04500205  <NA>
19             0.04531030  <NA>
20             0.04540356  <NA>
21             0.04561826  <NA>
