Using: /home/3177784/micromamba/envs/Rgeo_new/bin/Rscript
LD_LIBRARY_PATH=/home/3177784/micromamba/envs/Rgeo_new/lib:/home/3177784/micromamba/envs/Rgeo_new/lib64:
lrwxrwxrwx 1 3177784 grp_hpcclusterbocconiusers     15 Jan 28 19:26 /home/3177784/micromamba/envs/Rgeo_new/lib/libbz2.so -> libbz2.so.1.0.8
lrwxrwxrwx 1 3177784 grp_hpcclusterbocconiusers     15 Jan 28 19:26 /home/3177784/micromamba/envs/Rgeo_new/lib/libbz2.so.1.0 -> libbz2.so.1.0.8
-rwxrwxr-x 2 3177784 grp_hpcclusterbocconiusers 241888 Sep  9  2025 /home/3177784/micromamba/envs/Rgeo_new/lib/libbz2.so.1.0.8
Rscript (R) version 4.5.1 (2025-06-13)
   year geo_region w1        w2  status n_cells E_data n_obs        mae
1  2017       east  1 1.9000000 optimal     629     39  1472 0.04891712
2  2017       east  1 1.8000000 optimal     623     39  1472 0.04891712
3  2017       east  1 1.7000000 optimal     606     39  1472 0.04990453
4  2017       east  1 1.5000000 optimal     605     39  1472 0.04920147
5  2017       east  1 1.4000000 optimal     600     39  1472 0.04890183
6  2017       east  1 0.5000000 optimal     732     39  1472 0.04872336
7  2017       east  1 2.0000000 optimal     619     39  1472 0.05054534
8  2017       east  1 1.1000000 optimal     610     39  1472 0.04938298
9  2017       east  1 1.0000000 optimal     612     39  1472 0.04937987
10 2017       east  1 0.5263158 optimal     739     39  1472 0.04884802
11 2017       east  1 1.3000000 optimal     617     39  1472 0.04945951
12 2017       east  1 0.7142857 optimal     644     39  1472 0.04916136
13 2017       east  1 1.2000000 optimal     614     39  1472 0.04945345
14 2017       east  1 1.6000000 optimal     592     39  1472 0.05058381
15 2017       east  1 0.7692308 optimal     596     39  1472 0.04944923
16 2017       east  1 0.6666667 optimal     621     39  1472 0.05018771
17 2017       east  1 0.5555556 optimal     758     39  1472 0.05002742
18 2017       east  1 0.8333333 optimal     587     39  1472 0.05042263
19 2017       east  1 0.6250000 optimal     622     39  1472 0.04995611
20 2017       east  1 0.5882353 optimal     623     39  1472 0.04995427
21 2017       east  1 0.9090909 optimal     598     39  1472 0.05171182
         wmae mae_per_cell wmae_per_cell mae_plus_lambda_cells
1  0.04320951 7.776966e-05  6.869557e-05            0.04891712
2  0.04320951 7.851865e-05  6.935716e-05            0.04891712
3  0.04349308 8.235071e-05  7.177076e-05            0.04990453
4  0.04359611 8.132475e-05  7.205968e-05            0.04920147
5  0.04362836 8.150305e-05  7.271393e-05            0.04890183
6  0.04397078 6.656197e-05  6.006937e-05            0.04872336
7  0.04397764 8.165644e-05  7.104627e-05            0.05054534
8  0.04425867 8.095570e-05  7.255520e-05            0.04938298
9  0.04428877 8.068606e-05  7.236727e-05            0.04937987
10 0.04434971 6.610017e-05  6.001314e-05            0.04884802
11 0.04435360 8.016129e-05  7.188590e-05            0.04945951
12 0.04455836 7.633751e-05  6.919000e-05            0.04916136
13 0.04460552 8.054307e-05  7.264742e-05            0.04945345
14 0.04476996 8.544562e-05  7.562493e-05            0.05058381
15 0.04480310 8.296850e-05  7.517299e-05            0.04944923
16 0.04508649 8.081756e-05  7.260305e-05            0.05018771
17 0.04531015 6.599923e-05  5.977592e-05            0.05002742
18 0.04532659 8.589886e-05  7.721736e-05            0.05042263
19 0.04552055 8.031529e-05  7.318417e-05            0.04995611
20 0.04555051 8.018342e-05  7.311478e-05            0.04995427
21 0.04640150 8.647461e-05  7.759449e-05            0.05171182
   wmae_plus_lambda_cells error
1              0.04320951  <NA>
2              0.04320951  <NA>
3              0.04349308  <NA>
4              0.04359611  <NA>
5              0.04362836  <NA>
6              0.04397078  <NA>
7              0.04397764  <NA>
8              0.04425867  <NA>
9              0.04428877  <NA>
10             0.04434971  <NA>
11             0.04435360  <NA>
12             0.04455836  <NA>
13             0.04460552  <NA>
14             0.04476996  <NA>
15             0.04480310  <NA>
16             0.04508649  <NA>
17             0.04531015  <NA>
18             0.04532659  <NA>
19             0.04552055  <NA>
20             0.04555051  <NA>
21             0.04640150  <NA>
   year geo_region w1        w2     status n_cells E_data n_obs        mae
1  2017       west  1 0.7692308    optimal     664     40  1217 0.02654583
2  2017       west  1 0.6666667    optimal     657     40  1217 0.02687480
3  2017       west  1 0.6250000    optimal     644     40  1217 0.02687898
4  2017       west  1 0.5882353    optimal     653     40  1217 0.02658593
5  2017       west  1 0.7142857    optimal     655     40  1217 0.02637560
6  2017       west  1 0.8333333    optimal     657     40  1217 0.02649415
7  2017       west  1 0.9090909    optimal     659     40  1217 0.02700120
8  2017       west  1 1.0000000    optimal     650     40  1217 0.02725015
9  2017       west  1 1.2000000    optimal     644     40  1217 0.02787334
10 2017       west  1 1.3000000    optimal     641     40  1217 0.02787334
11 2017       west  1 1.1000000    optimal     643     40  1217 0.02787334
12 2017       west  1 1.4000000    optimal     627     40  1217 0.02817942
13 2017       west  1 1.5000000    optimal     628     40  1217 0.02798507
14 2017       west  1 1.6000000    optimal     645     40  1217 0.02863396
15 2017       west  1 2.0000000    optimal     656     40  1217 0.02951629
16 2017       west  1 1.7000000    optimal     650     40  1217 0.03003883
17 2017       west  1 1.9000000    optimal     665     40  1217 0.03003270
18 2017       west  1 1.8000000    optimal     668     40  1217 0.03004716
19 2017       west  1 0.5000000 infeasible     639     40  1217         NA
20 2017       west  1 0.5263158 infeasible     626     40  1217         NA
21 2017       west  1 0.5555556 infeasible     635     40  1217         NA
         wmae mae_per_cell wmae_per_cell mae_plus_lambda_cells
1  0.02469384 3.997866e-05  3.718952e-05            0.02654583
2  0.02469889 4.090533e-05  3.759344e-05            0.02687480
3  0.02471783 4.173754e-05  3.838173e-05            0.02687898
4  0.02480421 4.071352e-05  3.798501e-05            0.02658593
5  0.02487272 4.026809e-05  3.797362e-05            0.02637560
6  0.02528437 4.032595e-05  3.848459e-05            0.02649415
7  0.02542897 4.097300e-05  3.858720e-05            0.02700120
8  0.02610813 4.192331e-05  4.016635e-05            0.02725015
9  0.02683789 4.328158e-05  4.167375e-05            0.02787334
10 0.02683789 4.348415e-05  4.186879e-05            0.02787334
11 0.02683789 4.334889e-05  4.173856e-05            0.02787334
12 0.02687357 4.494326e-05  4.286056e-05            0.02817942
13 0.02690188 4.456221e-05  4.283739e-05            0.02798507
14 0.02761159 4.439373e-05  4.280867e-05            0.02863396
15 0.02833954 4.499434e-05  4.320052e-05            0.02951629
16 0.02936574 4.621358e-05  4.517805e-05            0.03003883
17 0.02941933 4.516196e-05  4.423960e-05            0.03003270
18 0.02949694 4.498078e-05  4.415710e-05            0.03004716
19         NA           NA            NA                    NA
20         NA           NA            NA                    NA
21         NA           NA            NA                    NA
   wmae_plus_lambda_cells error
1              0.02469384  <NA>
2              0.02469889  <NA>
3              0.02471783  <NA>
4              0.02480421  <NA>
5              0.02487272  <NA>
6              0.02528437  <NA>
7              0.02542897  <NA>
8              0.02610813  <NA>
9              0.02683789  <NA>
10             0.02683789  <NA>
11             0.02683789  <NA>
12             0.02687357  <NA>
13             0.02690188  <NA>
14             0.02761159  <NA>
15             0.02833954  <NA>
16             0.02936574  <NA>
17             0.02941933  <NA>
18             0.02949694  <NA>
19                     NA  <NA>
20                     NA  <NA>
21                     NA  <NA>
