Using: /home/3177784/micromamba/envs/Rgeo_new/bin/Rscript
LD_LIBRARY_PATH=/home/3177784/micromamba/envs/Rgeo_new/lib:/home/3177784/micromamba/envs/Rgeo_new/lib64:
lrwxrwxrwx 1 3177784 grp_hpcclusterbocconiusers     15 Jan 28 19:26 /home/3177784/micromamba/envs/Rgeo_new/lib/libbz2.so -> libbz2.so.1.0.8
lrwxrwxrwx 1 3177784 grp_hpcclusterbocconiusers     15 Jan 28 19:26 /home/3177784/micromamba/envs/Rgeo_new/lib/libbz2.so.1.0 -> libbz2.so.1.0.8
-rwxrwxr-x 2 3177784 grp_hpcclusterbocconiusers 241888 Sep  9  2025 /home/3177784/micromamba/envs/Rgeo_new/lib/libbz2.so.1.0.8
Rscript (R) version 4.5.1 (2025-06-13)
   year geo_region w1        w2  status n_cells E_data n_obs        mae
1  2013       east  1 1.3000000 optimal     645     40  1516 0.01494616
2  2013       east  1 1.1000000 optimal     637     40  1516 0.01502453
3  2013       east  1 1.2000000 optimal     637     40  1516 0.01499362
4  2013       east  1 0.8333333 optimal     647     40  1516 0.01507881
5  2013       east  1 0.7692308 optimal     635     40  1516 0.01515618
6  2013       east  1 1.0000000 optimal     652     40  1516 0.01509192
7  2013       east  1 0.9090909 optimal     629     40  1516 0.01508556
8  2013       east  1 0.7142857 optimal     633     40  1516 0.01535557
9  2013       east  1 1.7000000 optimal     692     40  1516 0.01518643
10 2013       east  1 1.6000000 optimal     671     40  1516 0.01518160
11 2013       east  1 1.8000000 optimal     696     40  1516 0.01520877
12 2013       east  1 0.6250000 optimal     616     40  1516 0.01545210
13 2013       east  1 0.6666667 optimal     616     40  1516 0.01545210
14 2013       east  1 1.5000000 optimal     673     40  1516 0.01535673
15 2013       east  1 2.0000000 optimal     690     40  1516 0.01541888
16 2013       east  1 1.9000000 optimal     690     40  1516 0.01541888
17 2013       east  1 1.4000000 optimal     660     40  1516 0.01534578
18 2013       east  1 0.5000000 optimal     652     40  1516 0.01569667
19 2013       east  1 0.5263158 optimal     647     40  1516 0.01569667
20 2013       east  1 0.5882353 optimal     643     40  1516 0.01582895
21 2013       east  1 0.5555556 optimal     640     40  1516 0.01592328
         wmae mae_per_cell wmae_per_cell mae_plus_lambda_cells
1  0.01182199 2.317235e-05  1.832867e-05            0.01494616
2  0.01195776 2.358639e-05  1.877199e-05            0.01502453
3  0.01195892 2.353787e-05  1.877382e-05            0.01499362
4  0.01201257 2.330573e-05  1.856656e-05            0.01507881
5  0.01202384 2.386801e-05  1.893519e-05            0.01515618
6  0.01206170 2.314712e-05  1.849953e-05            0.01509192
7  0.01208991 2.398340e-05  1.922084e-05            0.01508556
8  0.01216450 2.425840e-05  1.921722e-05            0.01535557
9  0.01221387 2.194571e-05  1.765010e-05            0.01518643
10 0.01222837 2.262533e-05  1.822410e-05            0.01518160
11 0.01223773 2.185167e-05  1.758294e-05            0.01520877
12 0.01235858 2.508458e-05  2.006264e-05            0.01545210
13 0.01235858 2.508458e-05  2.006264e-05            0.01545210
14 0.01238365 2.281831e-05  1.840067e-05            0.01535673
15 0.01239217 2.234620e-05  1.795967e-05            0.01541888
16 0.01239217 2.234620e-05  1.795967e-05            0.01541888
17 0.01243460 2.325118e-05  1.884030e-05            0.01534578
18 0.01264273 2.407465e-05  1.939068e-05            0.01569667
19 0.01264273 2.426070e-05  1.954053e-05            0.01569667
20 0.01269301 2.461734e-05  1.974029e-05            0.01582895
21 0.01279730 2.488012e-05  1.999578e-05            0.01592328
   wmae_plus_lambda_cells error
1              0.01182199  <NA>
2              0.01195776  <NA>
3              0.01195892  <NA>
4              0.01201257  <NA>
5              0.01202384  <NA>
6              0.01206170  <NA>
7              0.01208991  <NA>
8              0.01216450  <NA>
9              0.01221387  <NA>
10             0.01222837  <NA>
11             0.01223773  <NA>
12             0.01235858  <NA>
13             0.01235858  <NA>
14             0.01238365  <NA>
15             0.01239217  <NA>
16             0.01239217  <NA>
17             0.01243460  <NA>
18             0.01264273  <NA>
19             0.01264273  <NA>
20             0.01269301  <NA>
21             0.01279730  <NA>
   year geo_region w1        w2  status n_cells E_data n_obs        mae
1  2013       west  1 0.5000000 optimal     891     40  1392 0.01135020
2  2013       west  1 0.5263158 optimal     891     40  1392 0.01135014
3  2013       west  1 0.5555556 optimal     886     40  1392 0.01140692
4  2013       west  1 0.6250000 optimal     882     40  1392 0.01141323
5  2013       west  1 0.6666667 optimal     896     40  1392 0.01141601
6  2013       west  1 0.5882353 optimal     870     40  1392 0.01141432
7  2013       west  1 1.0000000 optimal     899     40  1392 0.01145659
8  2013       west  1 1.2000000 optimal     901     40  1392 0.01144119
9  2013       west  1 1.1000000 optimal     885     40  1392 0.01146333
10 2013       west  1 0.8333333 optimal     887     40  1392 0.01144126
11 2013       west  1 0.9090909 optimal     885     40  1392 0.01143834
12 2013       west  1 0.7142857 optimal    1080     40  1392 0.01147949
13 2013       west  1 1.3000000 optimal     913     40  1392 0.01144021
14 2013       west  1 1.5000000 optimal     882     40  1392 0.01144984
15 2013       west  1 0.7692308 optimal     891     40  1392 0.01152666
16 2013       west  1 1.6000000 optimal     891     40  1392 0.01148690
17 2013       west  1 1.7000000 optimal     896     40  1392 0.01148791
18 2013       west  1 1.4000000 optimal     903     40  1392 0.01147930
19 2013       west  1 2.0000000 optimal     909     40  1392 0.01150299
20 2013       west  1 1.8000000 optimal     917     40  1392 0.01149439
21 2013       west  1 1.9000000 optimal     900     40  1392 0.01150122
         wmae mae_per_cell wmae_per_cell mae_plus_lambda_cells
1  0.01000338 1.273873e-05  1.122714e-05            0.01135020
2  0.01000414 1.273865e-05  1.122799e-05            0.01135014
3  0.01009665 1.287463e-05  1.139577e-05            0.01140692
4  0.01011086 1.294017e-05  1.146356e-05            0.01141323
5  0.01011287 1.274108e-05  1.128668e-05            0.01141601
6  0.01011814 1.311991e-05  1.163005e-05            0.01141432
7  0.01013438 1.274370e-05  1.127295e-05            0.01145659
8  0.01014153 1.269833e-05  1.125586e-05            0.01144119
9  0.01015575 1.295292e-05  1.147543e-05            0.01146333
10 0.01016312 1.289883e-05  1.145786e-05            0.01144126
11 0.01016347 1.292467e-05  1.148415e-05            0.01143834
12 0.01016797 1.062915e-05  9.414788e-06            0.01147949
13 0.01017520 1.253035e-05  1.114480e-05            0.01144021
14 0.01018092 1.298167e-05  1.154300e-05            0.01144984
15 0.01018919 1.293676e-05  1.143568e-05            0.01152666
16 0.01020879 1.289215e-05  1.145768e-05            0.01148690
17 0.01021258 1.282133e-05  1.139797e-05            0.01148791
18 0.01023512 1.271241e-05  1.133458e-05            0.01147930
19 0.01025978 1.265455e-05  1.128689e-05            0.01150299
20 0.01026471 1.253478e-05  1.119380e-05            0.01149439
21 0.01026930 1.277914e-05  1.141033e-05            0.01150122
   wmae_plus_lambda_cells error
1              0.01000338  <NA>
2              0.01000414  <NA>
3              0.01009665  <NA>
4              0.01011086  <NA>
5              0.01011287  <NA>
6              0.01011814  <NA>
7              0.01013438  <NA>
8              0.01014153  <NA>
9              0.01015575  <NA>
10             0.01016312  <NA>
11             0.01016347  <NA>
12             0.01016797  <NA>
13             0.01017520  <NA>
14             0.01018092  <NA>
15             0.01018919  <NA>
16             0.01020879  <NA>
17             0.01021258  <NA>
18             0.01023512  <NA>
19             0.01025978  <NA>
20             0.01026471  <NA>
21             0.01026930  <NA>
